{"/home/aabccd021/Documents/kira-nosql/src/on-create.ts": {"path":"/home/aabccd021/Documents/kira-nosql/src/on-create.ts","statementMap":{"0":{"start":{"line":1,"column":0},"end":{"line":1,"column":43}},"1":{"start":{"line":5,"column":61},"end":{"line":101,"column":1}},"2":{"start":{"line":18,"column":4},"end":{"line":40,"column":6}},"3":{"start":{"line":20,"column":22},"end":{"line":20,"column":61}},"4":{"start":{"line":21,"column":8},"end":{"line":23,"column":null}},"5":{"start":{"line":22,"column":10},"end":{"line":22,"column":76}},"6":{"start":{"line":24,"column":8},"end":{"line":38,"column":10}},"7":{"start":{"line":30,"column":41},"end":{"line":30,"column":70}},"8":{"start":{"line":31,"column":18},"end":{"line":33,"column":20}},"9":{"start":{"line":32,"column":66},"end":{"line":32,"column":94}},"10":{"start":{"line":43,"column":2},"end":{"line":74,"column":null}},"11":{"start":{"line":44,"column":39},"end":{"line":44,"column":44}},"12":{"start":{"line":45,"column":4},"end":{"line":73,"column":6}},"13":{"start":{"line":46,"column":47},"end":{"line":55,"column":8}},"14":{"start":{"line":57,"column":21},"end":{"line":57,"column":34}},"15":{"start":{"line":58,"column":35},"end":{"line":58,"column":67}},"16":{"start":{"line":59,"column":8},"end":{"line":61,"column":null}},"17":{"start":{"line":60,"column":10},"end":{"line":60,"column":76}},"18":{"start":{"line":62,"column":8},"end":{"line":71,"column":10}},"19":{"start":{"line":75,"column":2},"end":{"line":88,"column":null}},"20":{"start":{"line":76,"column":4},"end":{"line":87,"column":6}},"21":{"start":{"line":77,"column":47},"end":{"line":86,"column":8}},"22":{"start":{"line":89,"column":2},"end":{"line":89,"column":47}},"23":{"start":{"line":89,"column":30},"end":{"line":89,"column":47}},"24":{"start":{"line":90,"column":2},"end":{"line":93,"column":null}},"25":{"start":{"line":91,"column":27},"end":{"line":91,"column":32}},"26":{"start":{"line":92,"column":4},"end":{"line":92,"column":61}},"27":{"start":{"line":94,"column":2},"end":{"line":97,"column":null}},"28":{"start":{"line":95,"column":35},"end":{"line":95,"column":40}},"29":{"start":{"line":96,"column":4},"end":{"line":96,"column":48}},"30":{"start":{"line":98,"column":2},"end":{"line":98,"column":48}},"31":{"start":{"line":98,"column":31},"end":{"line":98,"column":48}},"32":{"start":{"line":100,"column":2},"end":{"line":100,"column":21}},"33":{"start":{"line":5,"column":13},"end":{"line":5,"column":61}}},"fnMap":{"0":{"name":"(anonymous_0)","decl":{"start":{"line":5,"column":61},"end":{"line":5,"column":62}},"loc":{"start":{"line":10,"column":5},"end":{"line":101,"column":1}}},"1":{"name":"copyRefField","decl":{"start":{"line":11,"column":11},"end":{"line":11,"column":23}},"loc":{"start":{"line":17,"column":3},"end":{"line":41,"column":3}}},"2":{"name":"(anonymous_2)","decl":{"start":{"line":19,"column":17},"end":{"line":19,"column":22}},"loc":{"start":{"line":19,"column":53},"end":{"line":39,"column":7}}},"3":{"name":"(anonymous_3)","decl":{"start":{"line":29,"column":75},"end":{"line":29,"column":76}},"loc":{"start":{"line":29,"column":86},"end":{"line":34,"column":17}}},"4":{"name":"(anonymous_4)","decl":{"start":{"line":32,"column":55},"end":{"line":32,"column":56}},"loc":{"start":{"line":32,"column":66},"end":{"line":32,"column":94}}},"5":{"name":"(anonymous_5)","decl":{"start":{"line":46,"column":17},"end":{"line":46,"column":22}},"loc":{"start":{"line":46,"column":47},"end":{"line":55,"column":8}}},"6":{"name":"(anonymous_6)","decl":{"start":{"line":56,"column":20},"end":{"line":56,"column":25}},"loc":{"start":{"line":56,"column":53},"end":{"line":72,"column":7}}},"7":{"name":"(anonymous_7)","decl":{"start":{"line":77,"column":17},"end":{"line":77,"column":22}},"loc":{"start":{"line":77,"column":47},"end":{"line":86,"column":8}}}},"branchMap":{"0":{"loc":{"start":{"line":20,"column":57},"end":{"line":20,"column":59}},"type":"cond-expr","locations":[{"start":{"line":20,"column":57},"end":{"line":20,"column":59}},{"start":{"line":20,"column":57},"end":{"line":20,"column":61}}]},"1":{"loc":{"start":{"line":20,"column":22},"end":{"line":20,"column":59}},"type":"binary-expr","locations":[{"start":{"line":20,"column":22},"end":{"line":20,"column":59}},{"start":{"line":20,"column":57},"end":{"line":20,"column":59}}]},"2":{"loc":{"start":{"line":20,"column":31},"end":{"line":20,"column":34}},"type":"cond-expr","locations":[{"start":{"line":20,"column":31},"end":{"line":20,"column":34}},{"start":{"line":20,"column":31},"end":{"line":20,"column":57}}]},"3":{"loc":{"start":{"line":20,"column":23},"end":{"line":20,"column":34}},"type":"binary-expr","locations":[{"start":{"line":20,"column":23},"end":{"line":20,"column":34}},{"start":{"line":20,"column":31},"end":{"line":20,"column":34}}]},"4":{"loc":{"start":{"line":21,"column":8},"end":{"line":23,"column":null}},"type":"if","locations":[{"start":{"line":21,"column":8},"end":{"line":23,"column":null}},{"start":{"line":21,"column":8},"end":{"line":23,"column":null}}]},"5":{"loc":{"start":{"line":30,"column":53},"end":{"line":30,"column":63}},"type":"cond-expr","locations":[{"start":{"line":30,"column":53},"end":{"line":30,"column":63}},{"start":{"line":30,"column":67},"end":{"line":30,"column":69}}]},"6":{"loc":{"start":{"line":30,"column":53},"end":{"line":30,"column":67}},"type":"binary-expr","locations":[{"start":{"line":30,"column":53},"end":{"line":30,"column":67}},{"start":{"line":30,"column":53},"end":{"line":30,"column":67}}]},"7":{"loc":{"start":{"line":43,"column":2},"end":{"line":74,"column":null}},"type":"if","locations":[{"start":{"line":43,"column":2},"end":{"line":74,"column":null}},{"start":{"line":43,"column":2},"end":{"line":74,"column":null}}]},"8":{"loc":{"start":{"line":59,"column":8},"end":{"line":61,"column":null}},"type":"if","locations":[{"start":{"line":59,"column":8},"end":{"line":61,"column":null}},{"start":{"line":59,"column":8},"end":{"line":61,"column":null}}]},"9":{"loc":{"start":{"line":75,"column":2},"end":{"line":88,"column":null}},"type":"if","locations":[{"start":{"line":75,"column":2},"end":{"line":88,"column":null}},{"start":{"line":75,"column":2},"end":{"line":88,"column":null}}]},"10":{"loc":{"start":{"line":89,"column":2},"end":{"line":89,"column":47}},"type":"if","locations":[{"start":{"line":89,"column":2},"end":{"line":89,"column":47}},{"start":{"line":89,"column":2},"end":{"line":89,"column":47}}]},"11":{"loc":{"start":{"line":90,"column":2},"end":{"line":93,"column":null}},"type":"if","locations":[{"start":{"line":90,"column":2},"end":{"line":93,"column":null}},{"start":{"line":90,"column":2},"end":{"line":93,"column":null}}]},"12":{"loc":{"start":{"line":94,"column":2},"end":{"line":97,"column":null}},"type":"if","locations":[{"start":{"line":94,"column":2},"end":{"line":97,"column":null}},{"start":{"line":94,"column":2},"end":{"line":97,"column":null}}]},"13":{"loc":{"start":{"line":98,"column":2},"end":{"line":98,"column":48}},"type":"if","locations":[{"start":{"line":98,"column":2},"end":{"line":98,"column":48}},{"start":{"line":98,"column":2},"end":{"line":98,"column":48}}]}},"s":{"0":1,"1":1,"2":0,"3":0,"4":0,"5":0,"6":0,"7":0,"8":0,"9":0,"10":2,"11":2,"12":2,"13":1,"14":1,"15":1,"16":1,"17":0,"18":1,"19":0,"20":0,"21":0,"22":0,"23":0,"24":0,"25":0,"26":0,"27":0,"28":0,"29":0,"30":0,"31":0,"32":0,"33":1},"f":{"0":2,"1":0,"2":0,"3":0,"4":0,"5":1,"6":1,"7":0},"b":{"0":[0,0],"1":[0,0],"2":[0,0],"3":[0,0],"4":[0,0],"5":[0,0],"6":[0,0],"7":[2,0],"8":[0,1],"9":[0,0],"10":[0,0],"11":[0,0],"12":[0,0],"13":[0,0]}}
}
